20150311-15:21:06.126 : Created session
20150311-15:21:06.285 : Connecting to 212.159.113.148 on port 1201
20150311-15:21:06.342 : Connection succeeded
20150311-15:21:06.544 : Session reset: ResetOnLogon
20150311-15:21:06.662 : Session reset: ResetSeqNumFlag
20150311-15:21:06.667 : Initiated logon request
20150311-15:21:08.298 : Received logon
20150311-15:21:53.937 : Created session
20150311-15:21:54.100 : Connecting to 212.159.113.148 on port 1201
20150311-15:21:54.155 : Connection succeeded
20150311-15:21:54.387 : Session reset: ResetOnLogon
20150311-15:21:54.492 : Session reset: ResetSeqNumFlag
20150311-15:21:54.497 : Initiated logon request
20150311-15:23:45.899 : Session FIX.4.4:ipes.apiuat_ORD->GSL_FX disconnecting: Timed out waiting for logon response
20150311-15:23:59.965 : Connecting to 212.159.113.148 on port 1201
20150311-15:24:00.095 : Connection succeeded
20150311-15:24:00.101 : Session reset: ResetOnLogon
20150311-15:24:12.301 : Session reset: ResetSeqNumFlag
20150311-15:24:13.795 : Initiated logon request
20150311-15:24:57.684 : Session FIX.4.4:ipes.apiuat_ORD->GSL_FX disconnecting: Timed out waiting for logon response
20150311-15:25:59.982 : Connecting to 212.159.113.148 on port 1201
20150311-15:26:00.025 : Connection succeeded
20150311-15:26:00.027 : Session reset: ResetOnLogon
20150311-15:26:00.029 : Session reset: ResetSeqNumFlag
20150311-15:26:00.029 : Initiated logon request
20150311-15:26:03.287 : Received logon
20150311-15:36:43.578 : Initiated logout request
20150311-15:36:43.623 : Received logout response
20150311-15:36:43.623 : Session FIX.4.4:ipes.apiuat_ORD->GSL_FX disconnecting: Received logout response
20150311-15:52:14.234 : Created session
20150311-15:52:14.395 : Connecting to 212.159.113.148 on port 1201
20150311-15:52:14.463 : Connection succeeded
20150311-15:52:14.735 : Session reset: ResetOnLogon
20150311-15:52:14.849 : Session reset: ResetSeqNumFlag
20150311-15:52:14.858 : Initiated logon request
20150311-15:52:17.747 : Received logon
20150311-15:53:44.717 : Sent test request TEST
20150311-15:59:59.632 : Sent test request TEST
20150311-16:04:38.028 : Sent test request TEST
20150311-16:07:16.376 : Sent test request TEST
20150311-16:09:47.736 : Sent test request TEST
20150311-16:58:38.299 : Initiated logout request
20150311-16:58:38.345 : Received logout response
20150311-16:58:38.346 : Session FIX.4.4:ipes.apiuat_ORD->GSL_FX disconnecting: Received logout response
20150311-18:06:58.005 : Created session
20150311-18:06:58.165 : Connecting to 212.159.113.148 on port 1201
20150311-18:06:58.217 : Connection succeeded
20150311-18:06:58.377 : Session reset: ResetOnLogon
20150311-18:06:58.463 : Session reset: ResetSeqNumFlag
20150311-18:06:58.468 : Initiated logon request
20150311-18:06:58.612 : Received logon
